#################################################
  Training neural network with
	h:		False
	help:		False
	helpfull:		False
	helpshort:		False
	job_name:		None
	task_index:		0
	optimizer:		Adam
	numEpochs:		None
	batchSize:		256
	maxTrainSteps:		100
	learningRate:		0.001
	regTerm:		1e-07
	dropout:		1.0
	outDir:		./output/
	model:		
	trainEnergy:		False
	trainingSet:		/global/cscratch1/sd/maweber/APDWFSignalsEnergyThreshold_Flattened_Merged_Train_121417.csv
	testSet:		/global/cscratch1/sd/maweber/APDWFSignalsEnergyThreshold_Flattened_Merged_Test_121417.csv
	numPS:		1
#################################################
Performing single machine training
Layer conv0_0:
	 filter: [5,5,1,16]
	 stride: [1,1,1,1]
	 activation: relu
Layer maxpool1
	 size: [2,3]
Layer conv2_0:
	 filter: [5,5,16,32]
	 stride: [1,1,1,1]
	 activation: relu
Layer maxpool3
	 size: [2,3]
Layer conv4_0:
	 filter: [5,5,32,64]
	 stride: [1,1,1,1]
	 activation: relu
Layer maxpool5
	 size: [2,4]
Layer conv6_0:
	 filter: [5,5,64,128]
	 stride: [1,1,1,1]
	 activation: relu
Layer maxpool7
	 size: [3,3]
Layer reshape8
Layer conv9_0:
	 filter: [1,1,2048,1024]
	 stride: [1,1,1,1]
	 activation: relu
Layer dropout10
Layer conv11_0:
	 filter: [1,1,1024,256]
	 stride: [1,1,1,1]
	 activation: relu
Done training. Total time = 353.969214s
